<?xml version="1.0" encoding="UTF-8"?>
<testsuite name="MoneyTest" tests="3" skipped="0" failures="0" errors="0" timestamp="2019-10-18T20:29:20" hostname="haksunleeui-MacBook-Pro.local" time="0.002">
  <properties/>
  <testcase name="testMultiplication" classname="MoneyTest" time="0.002"/>
  <testcase name="testFrancMultiplication" classname="MoneyTest" time="0.0"/>
  <testcase name="testEquality" classname="MoneyTest" time="0.0"/>
  <system-out><![CDATA[]]></system-out>
  <system-err><![CDATA[]]></system-err>
</testsuite>
